<?xml version="1.0" encoding="UTF-8"?>
<!-- Generated by org.testng.reporters.JUnitXMLReporter -->
<testsuite ignored="0" hostname="IN-PG02NM89" failures="1" tests="3" name="PayByCardTest" time="19.248" errors="0" timestamp="2023-08-25T13:59:38 IST">
  <testcase classname="PG.QA.PayByCard" name="VerifyPayButtonisDisabled" time="2.25">
    <failure type="junit.framework.AssertionFailedError">
      <![CDATA[junit.framework.AssertionFailedError
at junit.framework.Assert.fail(Assert.java:47)
at junit.framework.Assert.assertTrue(Assert.java:20)
at junit.framework.Assert.assertFalse(Assert.java:34)
at junit.framework.Assert.assertFalse(Assert.java:41)
at PG.QA.PayByCard.VerifyPayButtonisDisabled(PayByCard.java:17)
at java.base/java.util.ArrayList.forEach(ArrayList.java:1541)
... Removed 27 stack frames]]>
    </failure>
  </testcase> <!-- VerifyPayButtonisDisabled -->
  <testcase classname="PG.QA.PayByCard" name="VerifySaveCheckboxisNotSelected" time="1.424"/>
  <testcase classname="PG.QA.PayByCard" name="InitiatePayment" time="7.866"/>
</testsuite> <!-- PayByCardTest -->
