<?xml version="1.0" encoding="UTF-8"?>
<!-- Generated by org.testng.reporters.JUnitXMLReporter -->
<testsuite ignored="0" hostname="IN-PG02NM89" failures="0" tests="4" name="PayMethodTest" time="28.476" errors="0" timestamp="2024-02-14T13:47:46 IST">
  <testcase classname="PG.QA.E2E_PayByCard" name="ClickPayByCard" time="2.867"/>
  <testcase classname="PG.QA.E2E_PayByCard" name="InitiatePayment" time="8.989"/>
  <testcase classname="PG.QA.E2E_PayByCard" name="EnterOTP" time="3.906"/>
  <testcase classname="PG.QA.E2E_PayByCard" name="VerifySuccessPage" time="5.336"/>
</testsuite> <!-- PayMethodTest -->
