<?xml version="1.0" encoding="UTF-8"?>
<!-- Generated by org.testng.reporters.JUnitXMLReporter -->
<testsuite ignored="2" hostname="IN-PG02NM89" failures="0" tests="8" name="Test" time="15.966" errors="0" timestamp="2023-08-24T13:37:27 IST">
  <testcase classname="PG.QA.PayByCard" name="@BeforeClass ClickPayByCard" time="0.001">
    <failure type="java.lang.NullPointerException">
      <![CDATA[java.lang.NullPointerException
at PG.QA.PayByCard.ClickPayByCard(PayByCard.java:12)
at java.base/java.util.ArrayList.forEach(ArrayList.java:1541)
... Removed 25 stack frames]]>
    </failure>
  </testcase> <!-- @BeforeClass ClickPayByCard -->
  <testcase classname="PG.QA.PaymentMethod" name="VerifyPageHeader" time="1.418"/>
  <testcase classname="PG.QA.PaymentMethod" name="VerifyMerchantInfo" time="1.2"/>
  <testcase classname="PG.QA.PaymentMethod" name="VerifyPaybyCarddisplayed" time="1.249"/>
  <testcase classname="PG.QA.PaymentMethod" name="VerifyBankTransferdisplayed" time="1.328"/>
  <testcase classname="PG.QA.PaymentMethod" name="PayByCardClick" time="2.511"/>
  <testcase classname="PG.QA.PayByCard" name="VerifyPayButtonisDisabled" time="0.0">
    <skipped/>
  </testcase> <!-- VerifyPayButtonisDisabled -->
  <testcase classname="PG.QA.PayByCard" name="VerifySaveCheckboxisNotSelected" time="0.0">
    <skipped/>
  </testcase> <!-- VerifySaveCheckboxisNotSelected -->
  <testcase classname="PG.QA.PayByCard" name="InitiatePayment" time="0.0">
    <skipped/>
  </testcase> <!-- InitiatePayment -->
  <testcase classname="PG.QA.BaseTest" name="@AfterTest tearDown" time="0.0">
    <ignored/>
  </testcase> <!-- @AfterTest tearDown -->
  <testcase classname="PG.QA.BaseTest" name="@BeforeTest setUp" time="0.0">
    <ignored/>
  </testcase> <!-- @BeforeTest setUp -->
</testsuite> <!-- Test -->
